# Logfile created on 2016-08-24 13:54:45 +0200 by logger.rb/54362
I, [2016-08-24T13:54:45.913446 #16000]  INFO -- Image.initialize: Initializating Image from file ./spec/test.png...
I, [2016-08-24T13:54:52.051727 #16000]  INFO -- Image.cypher: Cyphering message...
I, [2016-08-24T13:54:52.061724 #16000]  INFO -- Image.write: Writing output file...
I, [2016-08-24T13:55:20.205843 #17260]  INFO -- Image.initialize: Initializating Image from file ./spec/test.png...
I, [2016-08-24T13:55:24.694586 #17260]  INFO -- Image.cypher: Cyphering message...
I, [2016-08-24T13:55:24.714580 #17260]  INFO -- Image.write: Writing output file...
I, [2016-08-24T13:57:43.417723 #16856]  INFO -- Image.initialize: Initializating Image from file ./spec/test.png...
I, [2016-08-24T13:57:49.977067 #16856]  INFO -- Image.cypher: Cyphering message...
I, [2016-08-24T13:57:49.997065 #16856]  INFO -- Image.write: Writing output file...
I, [2016-08-24T13:58:12.534811 #16464]  INFO -- Image.initialize: Initializating Image from file ./spec/test.png...
I, [2016-08-24T13:58:15.874477 #16464]  INFO -- Image.cypher: Cyphering message...
I, [2016-08-24T13:58:15.884476 #16464]  INFO -- Image.write: Writing output file...
I, [2016-08-24T13:59:07.563308 #16884]  INFO -- Image.initialize: Initializating Image from file ./spec/test.png...
I, [2016-08-24T13:59:11.652899 #16884]  INFO -- Image.cypher: Cyphering message...
I, [2016-08-24T13:59:11.672897 #16884]  INFO -- Image.write: Writing output file...
I, [2016-08-24T14:03:47.787951 #15968]  INFO -- Image.initialize: Initializating Image from file ./spec/test.png...
I, [2016-08-24T14:03:51.917828 #15968]  INFO -- Image.cypher: Cyphering message...
I, [2016-08-24T14:03:51.927827 #15968]  INFO -- Image.write: Writing output file...
I, [2016-08-24T14:06:10.314146 #13620]  INFO -- Image.initialize: Initializating Image from file ./spec/test.png...
I, [2016-08-24T14:16:02.259969 #13620]  INFO -- Image.cypher: Cyphering message...
I, [2016-08-24T14:18:02.868763 #16396]  INFO -- Image.initialize: Initializating Image from file ./spec/test.png...
I, [2016-08-24T14:18:10.198690 #16396]  INFO -- Image.cypher: Cyphering message...
I, [2016-08-24T14:18:10.218689 #16396]  INFO -- Image.write: Writing output file...
I, [2016-08-24T14:21:14.360180 #17404]  INFO -- Image.initialize: Initializating Image from file ./spec/test.png...
I, [2016-08-24T14:21:22.330100 #17404]  INFO -- Image.cypher: Cyphering message...
I, [2016-08-24T14:21:22.360100 #17404]  INFO -- Image.write: Writing output file...
I, [2016-08-24T15:07:35.886276 #17896]  INFO -- Image.initialize: Initializating Image from file ./spec/test.png...
I, [2016-08-24T15:07:39.946357 #17896]  INFO -- Image.cypher: Cyphering message...
I, [2016-08-24T15:07:39.946357 #17896]  INFO -- Image.cypher: Cyphering message...
I, [2016-08-24T15:07:39.946357 #17896]  INFO -- Image.cypher: Decyphering message...
I, [2016-08-24T15:07:39.946357 #17896]  INFO -- Image.write: Writing output file...
I, [2016-08-24T15:10:14.357902 #19340]  INFO -- Image.initialize: Initializating Image from file ./spec/test.png...
I, [2016-08-24T15:10:18.679902 #19340]  INFO -- Image.cypher: Cyphering message...
I, [2016-08-24T15:10:18.679902 #19340]  INFO -- Image.cypher: Cyphering message...
I, [2016-08-24T15:10:18.679902 #19340]  INFO -- Image.cypher: Decyphering message...
I, [2016-08-24T15:10:18.689902 #19340]  INFO -- Image.write: Writing output file...
I, [2016-08-24T15:10:43.821902 #19420]  INFO -- Image.initialize: Initializating Image from file ./spec/test.png...
I, [2016-08-24T15:10:50.611902 #19420]  INFO -- Image.cypher: Cyphering message...
I, [2016-08-24T15:10:50.611902 #19420]  INFO -- Image.cypher: Cyphering message...
I, [2016-08-24T15:10:50.611902 #19420]  INFO -- Image.cypher: Decyphering message...
I, [2016-08-24T15:10:50.621902 #19420]  INFO -- Image.write: Writing output file...
I, [2016-08-24T15:11:09.403902 #19416]  INFO -- Image.initialize: Initializating Image from file ./spec/test.png...
I, [2016-08-24T15:11:14.293902 #19416]  INFO -- Image.cypher: Cyphering message...
I, [2016-08-24T15:11:14.293902 #19416]  INFO -- Image.cypher: Cyphering message...
I, [2016-08-24T15:11:14.293902 #19416]  INFO -- Image.cypher: Decyphering message...
I, [2016-08-24T15:11:40.703902 #19956]  INFO -- Image.initialize: Initializating Image from file ./spec/test.png...
I, [2016-08-24T15:11:47.033902 #19956]  INFO -- Image.cypher: Cyphering message...
I, [2016-08-24T15:11:47.043902 #19956]  INFO -- Image.cypher: Cyphering message...
I, [2016-08-24T15:11:47.043902 #19956]  INFO -- Image.cypher: Decyphering message...
I, [2016-08-24T15:11:51.873902 #19956]  INFO -- Image.write: Writing output file...
I, [2016-09-04T22:31:40.227553 #7489]  INFO -- Image.initialize: Initializating Image from file ./spec/test.png...
I, [2016-09-04T22:31:50.624007 #7489]  INFO -- Image.cypher: Cyphering message...
I, [2016-09-04T22:31:50.624938 #7489]  INFO -- Image.cypher: Cyphering message...
I, [2016-09-04T22:31:50.625662 #7489]  INFO -- Image.write: Writing output file...
I, [2016-09-04T22:34:08.502799 #7576]  INFO -- Image.initialize: Initializating Image from file ./spec/test.png...
I, [2016-09-04T22:34:16.720658 #7576]  INFO -- Image.cypher: Cyphering message...
I, [2016-09-04T22:34:16.721433 #7576]  INFO -- Image.cypher: Cyphering message...
I, [2016-09-04T22:34:16.722129 #7576]  INFO -- Image.write: Writing output file...
I, [2016-09-04T22:44:37.686858 #7687]  INFO -- Image.initialize: Initializating Image from file ./spec/test.png...
I, [2016-09-04T22:44:45.850309 #7687]  INFO -- Image.cypher: Cyphering message...
I, [2016-09-04T22:44:45.851041 #7687]  INFO -- Image.cypher: Cyphering message...
I, [2016-09-04T22:44:45.853859 #7687]  INFO -- Image.write: Writing output file...
I, [2016-09-04T22:50:55.775245 #7910]  INFO -- Image.initialize: Initializating Image from file ./spec/test.png...
I, [2016-09-04T22:51:04.522524 #7910]  INFO -- Image.cypher: Cyphering message...
I, [2016-09-04T22:51:04.525318 #7910]  INFO -- Image.cypher: Cyphering message...
I, [2016-09-04T22:51:04.526196 #7910]  INFO -- Image.cypher: Decyphering message...
I, [2016-09-04T22:51:12.125107 #7910]  INFO -- Image.write: Writing output file...
I, [2016-09-04T22:56:08.138837 #8007]  INFO -- Image.initialize: Initializating Image from file ./spec/test.png...
I, [2016-09-04T22:56:17.079805 #8007]  INFO -- Image.cypher: Cyphering message...
I, [2016-09-04T22:56:17.083519 #8007]  INFO -- Image.cypher: Cyphering message...
I, [2016-09-04T22:56:17.085055 #8007]  INFO -- Image.cypher: Decyphering message...
I, [2016-09-04T22:56:25.302757 #8007]  INFO -- Image.write: Writing output file...
I, [2016-09-04T22:58:38.720632 #8072]  INFO -- Image.initialize: Initializating Image from file ./spec/test.png...
I, [2016-09-04T22:58:46.867550 #8072]  INFO -- Image.cypher: Cyphering message...
I, [2016-09-04T22:58:46.870927 #8072]  INFO -- Image.cypher: Cyphering message...
I, [2016-09-04T22:58:46.872353 #8072]  INFO -- Image.cypher: Decyphering message...
I, [2016-09-04T22:58:54.250322 #8072]  INFO -- Image.write: Writing output file...
I, [2016-09-04T23:01:25.456575 #8189]  INFO -- Image.initialize: Initializating Image from file ./spec/test.png...
I, [2016-09-04T23:01:33.651157 #8189]  INFO -- Image.cypher: Cyphering message...
I, [2016-09-04T23:01:33.654778 #8189]  INFO -- Image.cypher: Cyphering message...
I, [2016-09-04T23:01:33.656188 #8189]  INFO -- Image.cypher: Decyphering message...
I, [2016-09-04T23:01:41.256903 #8189]  INFO -- Image.write: Writing output file...
I, [2016-09-06T16:37:42.698458 #13708]  INFO -- Image.initialize: Initializating Image from file ./spec/test.png...
I, [2016-09-06T16:37:50.901103 #13708]  INFO -- Image.cypher: Cyphering message...
I, [2016-09-06T16:37:50.904631 #13708]  INFO -- Image.cypher: Cyphering message...
I, [2016-09-06T16:37:50.906052 #13708]  INFO -- Image.cypher: Decyphering message...
I, [2016-09-06T16:37:58.475118 #13708]  INFO -- Image.write: Writing output file...
I, [2016-09-06T16:39:40.564845 #13796]  INFO -- Image.initialize: Initializating Image from file ./spec/test.png...
I, [2016-09-06T16:39:48.644582 #13796]  INFO -- Image.cypher: Cyphering message...
I, [2016-09-06T16:39:48.648148 #13796]  INFO -- Image.cypher: Cyphering message...
I, [2016-09-06T16:39:48.649545 #13796]  INFO -- Image.cypher: Decyphering message...
I, [2016-09-06T16:39:56.057037 #13796]  INFO -- Image.write: Writing output file...
I, [2016-09-06T16:46:42.537782 #14008]  INFO -- Image.initialize: Initializating Image from file ./spec/test.png...
I, [2016-09-06T16:46:50.600036 #14008]  INFO -- Image.cypher: Cyphering message...
I, [2016-09-06T16:46:50.603602 #14008]  INFO -- Image.cypher: Cyphering message...
I, [2016-09-06T16:46:50.604992 #14008]  INFO -- Image.cypher: Decyphering message...
I, [2016-09-06T16:46:58.521034 #14008]  INFO -- Image.write: Writing output file...
I, [2016-09-06T16:48:06.381295 #14037]  INFO -- Image.initialize: Initializating Image from file ./spec/test.png...
I, [2016-09-06T16:48:14.528231 #14037]  INFO -- Image.cypher: Cyphering message...
I, [2016-09-06T16:48:14.531795 #14037]  INFO -- Image.cypher: Cyphering message...
I, [2016-09-06T16:48:14.533256 #14037]  INFO -- Image.cypher: Decyphering message...
I, [2016-09-06T16:48:22.159179 #14037]  INFO -- Image.write: Writing output file...
I, [2016-09-06T16:49:13.794738 #14070]  INFO -- Image.initialize: Initializating Image from file ./spec/test.png...
I, [2016-09-06T16:49:21.856721 #14070]  INFO -- Image.cypher: Cyphering message...
I, [2016-09-06T16:49:21.860215 #14070]  INFO -- Image.cypher: Cyphering message...
I, [2016-09-06T16:49:21.861593 #14070]  INFO -- Image.cypher: Decyphering message...
I, [2016-09-06T16:49:30.187925 #14070]  INFO -- Image.write: Writing output file...
I, [2016-09-06T16:49:39.876941 #14085]  INFO -- Image.initialize: Initializating Image from file ./spec/test.png...
I, [2016-09-06T16:49:47.955086 #14085]  INFO -- Image.cypher: Cyphering message...
I, [2016-09-06T16:49:47.958665 #14085]  INFO -- Image.cypher: Cyphering message...
I, [2016-09-06T16:49:47.960125 #14085]  INFO -- Image.cypher: Decyphering message...
I, [2016-09-06T16:49:56.512972 #14085]  INFO -- Image.write: Writing output file...
I, [2016-09-06T16:52:34.047209 #14175]  INFO -- Image.initialize: Initializating Image from file ./spec/test.png...
I, [2016-09-06T16:52:42.100674 #14175]  INFO -- Image.cypher: Cyphering message...
I, [2016-09-06T16:52:42.103316 #14175]  INFO -- Image.cypher: Cyphering message...
I, [2016-09-06T16:52:42.105929 #14175]  INFO -- Image.write: Writing output file...
I, [2016-09-06T16:53:05.193437 #14192]  INFO -- Image.initialize: Initializating Image from file ./spec/test.png...
I, [2016-09-06T16:53:13.319269 #14192]  INFO -- Image.cypher: Cyphering message...
I, [2016-09-06T16:53:13.322844 #14192]  INFO -- Image.cypher: Cyphering message...
I, [2016-09-06T16:53:13.324321 #14192]  INFO -- Image.cypher: Decyphering message...
I, [2016-09-06T16:53:20.735501 #14192]  INFO -- Image.write: Writing output file...
I, [2016-09-06T16:53:58.694162 #14220]  INFO -- Image.initialize: Initializating Image from file ./spec/test.png...
I, [2016-09-06T16:54:06.778638 #14220]  INFO -- Image.cypher: Cyphering message...
I, [2016-09-06T16:54:06.783778 #14220]  INFO -- Image.cypher: Cyphering message...
I, [2016-09-06T16:54:06.787014 #14220]  INFO -- Image.cypher: Decyphering message...
I, [2016-09-06T16:54:14.333613 #14220]  INFO -- Image.write: Writing output file...
I, [2016-09-06T16:57:14.199791 #14422]  INFO -- Image.initialize: Initializating Image from file ./spec/test.png...
I, [2016-09-06T17:04:20.154591 #14522]  INFO -- Image.initialize: Initializating Image from file ./spec/test.png...
I, [2016-09-06T17:04:37.110478 #14522]  INFO -- Image.cypher: Cyphering message...
I, [2016-09-06T17:04:39.181120 #14522]  INFO -- Image.cypher: Cyphering message...
I, [2016-09-06T17:04:39.183292 #14522]  INFO -- Image.cypher: Decyphering message...
I, [2016-09-23T20:07:07.688967 #5567]  INFO -- Image.initialize: Initializating Image from file ./spec/test.png...
I, [2016-09-23T20:08:58.490481 #5567]  INFO -- Image.cypher: Cyphering message...
I, [2016-09-23T20:09:00.365368 #5567]  INFO -- Image.cypher: Cyphering message...
I, [2016-09-23T20:09:00.369442 #5567]  INFO -- Image.cypher: Decyphering message...
I, [2016-09-23T20:09:10.522067 #5653]  INFO -- Image.initialize: Initializating Image from file ./spec/test.png...
I, [2016-09-23T20:09:19.357528 #5653]  INFO -- Image.cypher: Cyphering message...
I, [2016-09-23T20:09:19.362114 #5653]  INFO -- Image.cypher: Cyphering message...
I, [2016-09-23T20:09:19.363613 #5653]  INFO -- Image.cypher: Decyphering message...
I, [2016-09-23T20:09:27.201094 #5653]  INFO -- Image.write: Writing output file...
I, [2016-09-23T20:16:56.303810 #5892]  INFO -- Image.initialize: Initializating Image from file ./spec/test.png...
I, [2016-09-23T20:17:04.757191 #5892]  INFO -- Image.cypher: Cyphering message...
I, [2016-09-23T20:17:04.760779 #5892]  INFO -- Image.cypher: Cyphering message...
I, [2016-09-23T20:17:04.762250 #5892]  INFO -- Image.cypher: Decyphering message...
I, [2016-09-23T20:17:07.745952 #5892]  INFO -- Image.write: Writing output file...
I, [2016-09-23T20:28:51.769523 #5994]  INFO -- Image.initialize: Initializating Image from file ./spec/test.png...
I, [2016-09-23T20:29:00.061327 #5994]  INFO -- Image.cypher: Cyphering message...
I, [2016-09-23T20:29:00.064890 #5994]  INFO -- Image.cypher: Cyphering message...
I, [2016-09-23T20:29:00.066359 #5994]  INFO -- Image.cypher: Decyphering message...
I, [2016-09-23T20:29:07.521807 #5994]  INFO -- Image.write: Writing output file...
